<?xml version="1.0" encoding="UTF-8"?>
<testng-results ignored="0" total="1" passed="1" failed="0" skipped="0">
  <reporter-output>
  </reporter-output>
  <suite started-at="2022-11-07T10:03:02 IST" name="Default suite" finished-at="2022-11-07T10:03:18 IST" duration-ms="15266">
    <groups>
    </groups>
    <test started-at="2022-11-07T10:03:02 IST" name="Default test" finished-at="2022-11-07T10:03:18 IST" duration-ms="15266">
      <class name="CRUD_Operation.Get_All_Booking_Details">
        <test-method is-config="true" signature="configureBS()[pri:0, instance:CRUD_Operation.Get_All_Booking_Details@635eaaf1]" started-at="2022-11-07T10:03:02 IST" name="configureBS" finished-at="2022-11-07T10:03:02 IST" duration-ms="20" status="PASS">
          <reporter-output>
          </reporter-output>
        </test-method> <!-- configureBS -->
        <test-method is-config="true" signature="configureBT()[pri:0, instance:CRUD_Operation.Get_All_Booking_Details@635eaaf1]" started-at="2022-11-07T10:03:03 IST" name="configureBT" finished-at="2022-11-07T10:03:03 IST" duration-ms="1" status="PASS">
          <reporter-output>
          </reporter-output>
        </test-method> <!-- configureBT -->
        <test-method signature="Get_Booking_Details()[pri:0, instance:CRUD_Operation.Get_All_Booking_Details@635eaaf1]" started-at="2022-11-07T10:03:03 IST" name="Get_Booking_Details" finished-at="2022-11-07T10:03:18 IST" duration-ms="15153" status="PASS">
          <reporter-output>
          </reporter-output>
        </test-method> <!-- Get_Booking_Details -->
      </class> <!-- CRUD_Operation.Get_All_Booking_Details -->
    </test> <!-- Default test -->
  </suite> <!-- Default suite -->
</testng-results>
